\BOOKMARK [1][-]{section.1}{Software Architecture}{}% 1
\BOOKMARK [2][-]{subsection.1.1}{Client module}{section.1}% 2
\BOOKMARK [2][-]{subsection.1.2}{Pathfinding module}{section.1}% 3
\BOOKMARK [2][-]{subsection.1.3}{Simulation module}{section.1}% 4
\BOOKMARK [2][-]{subsection.1.4}{Visualisation module}{section.1}% 5
\BOOKMARK [1][-]{section.2}{Drone Control Algorithm}{}% 6
\BOOKMARK [2][-]{subsection.2.1}{TSP Solver}{section.2}% 7
\BOOKMARK [2][-]{subsection.2.2}{Generating neighbour nodes}{section.2}% 8
\BOOKMARK [2][-]{subsection.2.3}{Pathfinding}{section.2}% 9
\BOOKMARK [2][-]{subsection.2.4}{Path segmenting}{section.2}% 10
\BOOKMARK [2][-]{subsection.2.5}{Examples}{section.2}% 11
\BOOKMARK [1][-]{section.3}{Class Documentation}{}% 12
\BOOKMARK [2][-]{subsection.3.1}{Quicklinks}{section.3}% 13
\BOOKMARK [2][-]{subsection.3.2}{Documentation}{section.3}% 14
\BOOKMARK [3][-]{subsubsection.3.2.1}{ uk.ac.ed.inf.aqmaps.visualisation }{subsection.3.2}% 15
\BOOKMARK [3][-]{subsubsection.3.2.2}{ uk.ac.ed.inf.aqmaps.utilities }{subsection.3.2}% 16
\BOOKMARK [3][-]{subsubsection.3.2.3}{ uk.ac.ed.inf.aqmaps.simulation.planning.path }{subsection.3.2}% 17
\BOOKMARK [3][-]{subsubsection.3.2.4}{ uk.ac.ed.inf.aqmaps.simulation.planning.collectionOrder.optimisers }{subsection.3.2}% 18
\BOOKMARK [3][-]{subsubsection.3.2.5}{ uk.ac.ed.inf.aqmaps.simulation.planning.collectionOrder }{subsection.3.2}% 19
\BOOKMARK [3][-]{subsubsection.3.2.6}{ uk.ac.ed.inf.aqmaps.simulation.planning }{subsection.3.2}% 20
\BOOKMARK [3][-]{subsubsection.3.2.7}{ uk.ac.ed.inf.aqmaps.simulation.collection }{subsection.3.2}% 21
\BOOKMARK [3][-]{subsubsection.3.2.8}{ uk.ac.ed.inf.aqmaps.simulation }{subsection.3.2}% 22
\BOOKMARK [3][-]{subsubsection.3.2.9}{ uk.ac.ed.inf.aqmaps.pathfinding.heuristics }{subsection.3.2}% 23
\BOOKMARK [3][-]{subsubsection.3.2.10}{ uk.ac.ed.inf.aqmaps.pathfinding.hashing }{subsection.3.2}% 24
\BOOKMARK [3][-]{subsubsection.3.2.11}{ uk.ac.ed.inf.aqmaps.pathfinding.goals }{subsection.3.2}% 25
\BOOKMARK [3][-]{subsubsection.3.2.12}{ uk.ac.ed.inf.aqmaps.pathfinding }{subsection.3.2}% 26
\BOOKMARK [3][-]{subsubsection.3.2.13}{ uk.ac.ed.inf.aqmaps.client.data }{subsection.3.2}% 27
\BOOKMARK [3][-]{subsubsection.3.2.14}{ uk.ac.ed.inf.aqmaps.client }{subsection.3.2}% 28
\BOOKMARK [3][-]{subsubsection.3.2.15}{ uk.ac.ed.inf.aqmaps }{subsection.3.2}% 29
